<?xml version="1.0" encoding="utf-8"?><testsuites name="pytest tests"><testsuite name="pytest" errors="0" failures="0" skipped="0" tests="34" time="15.705" timestamp="2026-09-21T03:10:03.061285+00:00" hostname="agent-env-69a53a13-fcf8-447b-9ea3-aa05080c4689"><testcase classname="tests.test_apexnode_panel.TestPublic" name="test_login_page" time="0.230" /><testcase classname="tests.test_apexnode_panel.TestPublic" name="test_manifest" time="0.209" /><testcase classname="tests.test_apexnode_panel.TestPublic" name="test_service_worker" time="0.184" /><testcase classname="tests.test_apexnode_panel.TestPublic" name="test_install_sh" time="0.191" /><testcase classname="tests.test_apexnode_panel.TestPublic" name="test_dashboard_redirects_when_logged_out" time="0.202" /><testcase classname="tests.test_apexnode_panel.TestPublic" name="test_404" time="0.459" /><testcase classname="tests.test_apexnode_panel.TestSidebarNav" name="test_nav[/dashboard]" time="0.068" /><testcase classname="tests.test_apexnode_panel.TestSidebarNav" name="test_nav[/servers]" time="0.071" /><testcase classname="tests.test_apexnode_panel.TestSidebarNav" name="test_nav[/eggs]" time="0.073" /><testcase classname="tests.test_apexnode_panel.TestSidebarNav" name="test_nav[/mods]" time="0.093" /><testcase classname="tests.test_apexnode_panel.TestSidebarNav" name="test_nav[/nodes]" time="0.070" /><testcase classname="tests.test_apexnode_panel.TestSidebarNav" name="test_nav[/activity]" time="0.071" /><testcase classname="tests.test_apexnode_panel.TestSidebarNav" name="test_nav[/theme]" time="0.066" /><testcase classname="tests.test_apexnode_panel.TestSidebarNav" name="test_nav[/discord]" time="0.076" /><testcase classname="tests.test_apexnode_panel.TestSidebarNav" name="test_nav[/users]" time="0.072" /><testcase classname="tests.test_apexnode_panel.TestSidebarNav" name="test_nav[/install]" time="0.068" /><testcase classname="tests.test_apexnode_panel.TestServers" name="test_list_shows_seeded" time="0.070" /><testcase classname="tests.test_apexnode_panel.TestServers" name="test_detail" time="0.075" /><testcase classname="tests.test_apexnode_panel.TestDaemon" name="test_status_endpoint" time="0.195" /><testcase classname="tests.test_apexnode_panel.TestDaemon" name="test_start_stop_cycle" time="8.383" /><testcase classname="tests.test_apexnode_panel.TestModsEggs" name="test_eggs_list" time="0.079" /><testcase classname="tests.test_apexnode_panel.TestModsEggs" name="test_egg_detail" time="0.068" /><testcase classname="tests.test_apexnode_panel.TestModsEggs" name="test_egg_deploy_form" time="0.066" /><testcase classname="tests.test_apexnode_panel.TestModsEggs" name="test_mods_index" time="0.102" /><testcase classname="tests.test_apexnode_panel.TestModsEggs" name="test_mods_filter_java" time="0.069" /><testcase classname="tests.test_apexnode_panel.TestModsEggs" name="test_json_loaders" time="0.064" /><testcase classname="tests.test_apexnode_panel.TestTheme" name="test_theme_css_endpoint" time="0.154" /><testcase classname="tests.test_apexnode_panel.TestTheme" name="test_theme_save" time="0.210" /><testcase classname="tests.test_apexnode_panel.TestDiscord" name="test_discord_page" time="0.070" /><testcase classname="tests.test_apexnode_panel.TestDiscord" name="test_discord_test_bogus" time="0.223" /><testcase classname="tests.test_apexnode_panel.TestBackups" name="test_backups_page" time="0.069" /><testcase classname="tests.test_apexnode_panel.TestBackups" name="test_run_backup" time="3.232" /><testcase classname="tests.test_apexnode_panel.TestFiles" name="test_files_index" time="0.066" /><testcase classname="tests.test_apexnode_panel.TestFiles" name="test_path_traversal_blocked" time="0.064" /></testsuite></testsuites>