<?xml version="1.0" encoding="utf-8"?><testsuites name="pytest tests"><testsuite name="pytest" errors="0" failures="0" skipped="0" tests="18" time="8.750" timestamp="2026-09-22T22:25:31.734640+00:00" hostname="agent-env-69a53a13-fcf8-447b-9ea3-aa05080c4689"><testcase classname="tests.test_iteration5.TestInstaller" name="test_install_page_loads_with_host_picker" time="0.809" /><testcase classname="tests.test_iteration5.TestInstaller" name="test_install_sh_downloads_and_has_coexist_modes" time="0.174" /><testcase classname="tests.test_iteration5.TestInstaller" name="test_installer_settings_seeded" time="0.072" /><testcase classname="tests.test_iteration5.TestRuntimeResolver" name="test_runtime_module_resolves_paper_command" time="0.960" /><testcase classname="tests.test_iteration5.TestRuntimeResolver" name="test_runtime_fallback_for_non_java_game" time="0.002" /><testcase classname="tests.test_iteration5.TestRuntimeResolver" name="test_runtime_vanilla_reuses_paper" time="0.004" /><testcase classname="tests.test_iteration5.TestJobCancellation" name="test_cancel_endpoint_daemon_direct" time="3.556" /><testcase classname="tests.test_iteration5.TestJobCancellation" name="test_cancel_already_finished_job" time="0.131" /><testcase classname="tests.test_iteration5.TestJobCancellation" name="test_cancel_nonexistent_job" time="0.071" /><testcase classname="tests.test_iteration5.TestJobCancellation" name="test_jobs_page_shows_cancel_button_for_running" time="0.213" /><testcase classname="tests.test_iteration5.TestConcurrencyGuard" name="test_double_enqueue_returns_already_running" time="1.225" /><testcase classname="tests.test_iteration5.TestRegression" name="test_route_ok[/dashboard]" time="0.106" /><testcase classname="tests.test_iteration5.TestRegression" name="test_route_ok[/servers]" time="0.096" /><testcase classname="tests.test_iteration5.TestRegression" name="test_route_ok[/jobs]" time="0.112" /><testcase classname="tests.test_iteration5.TestRegression" name="test_route_ok[/mods]" time="0.098" /><testcase classname="tests.test_iteration5.TestRegression" name="test_route_ok[/eggs]" time="0.135" /><testcase classname="tests.test_iteration5.TestRegression" name="test_route_ok[/install]" time="0.090" /><testcase classname="tests.test_iteration5.TestRegression" name="test_modrinth_preview_still_works" time="0.586" /></testsuite></testsuites>