<?xml version="1.0" encoding="utf-8"?><testsuites name="pytest tests"><testsuite name="pytest" errors="0" failures="0" skipped="0" tests="13" time="14.909" timestamp="2026-09-21T03:39:12.288737+00:00" hostname="agent-env-69a53a13-fcf8-447b-9ea3-aa05080c4689"><testcase classname="tests.test_iteration4_jobs.TestRegression" name="test_modpack_preview_modrinth" time="1.212" /><testcase classname="tests.test_iteration4_jobs.TestQueueHappyPath" name="test_01_deploy_and_enqueue_latency" time="2.168" /><testcase classname="tests.test_iteration4_jobs.TestRegression" name="test_modpack_preview_curseforge" time="0.715" /><testcase classname="tests.test_iteration4_jobs.TestRegression" name="test_core_pages_render" time="0.580" /><testcase classname="tests.test_iteration4_jobs.TestQueueHappyPath" name="test_02_job_row_created" time="0.007" /><testcase classname="tests.test_iteration4_jobs.TestQueueHappyPath" name="test_03_live_progress_reaches_completed" time="10.452" /><testcase classname="tests.test_iteration4_jobs.TestRegression" name="test_existing_installed_server_intact" time="0.111" /><testcase classname="tests.test_iteration4_jobs.TestIdempotentEnqueue" name="test_no_new_job_on_installed_server" time="0.505" /><testcase classname="tests.test_iteration4_jobs.TestFailurePath" name="test_invalid_modpack_ref_marks_job_failed" time="5.042" /><testcase classname="tests.test_iteration4_jobs.TestQueueHappyPath" name="test_04_per_server_jobs_endpoint" time="0.069" /><testcase classname="tests.test_iteration4_jobs.TestQueueHappyPath" name="test_05_post_install_state" time="0.002" /><testcase classname="tests.test_iteration4_jobs.TestQueueHappyPath" name="test_06_jobs_page_html" time="0.072" /><testcase classname="tests.test_iteration4_jobs.TestQueueHappyPath" name="test_07_dashboard_has_nav_jobs" time="0.080" /></testsuite></testsuites>