<?xml version="1.0" encoding="utf-8"?><testsuites name="pytest tests"><testsuite name="pytest" errors="0" failures="0" skipped="0" tests="8" time="12.704" timestamp="2026-09-21T03:30:50.389786+00:00" hostname="agent-env-69a53a13-fcf8-447b-9ea3-aa05080c4689"><testcase classname="tests.test_iteration3_fixes.TestStatusResetAfterInstall" name="test_fresh_install_resets_status_to_offline" time="7.873" /><testcase classname="tests.test_iteration3_fixes.TestExtractOverridesTraversalGuard" name="test_malicious_override_blocked" time="0.011" /><testcase classname="tests.test_iteration3_fixes.TestFailurePathStatusReset" name="test_invalid_ref_sets_crashed_and_failed" time="3.071" /><testcase classname="tests.test_iteration3_fixes.TestRegressionSanity" name="test_preview_modrinth" time="0.571" /><testcase classname="tests.test_iteration3_fixes.TestRegressionSanity" name="test_preview_curseforge" time="0.687" /><testcase classname="tests.test_iteration3_fixes.TestRegressionSanity" name="test_dashboard" time="0.077" /><testcase classname="tests.test_iteration3_fixes.TestRegressionSanity" name="test_server_1_console" time="0.114" /><testcase classname="tests.test_iteration3_fixes.TestRegressionSanity" name="test_existing_installed_server_14" time="0.072" /></testsuite></testsuites>