<?xml version="1.0" encoding="utf-8"?><testsuites name="pytest tests"><testsuite name="pytest" errors="0" failures="0" skipped="0" tests="13" time="6.631" timestamp="2026-09-21T03:25:07.776222+00:00" hostname="agent-env-69a53a13-fcf8-447b-9ea3-aa05080c4689"><testcase classname="tests.test_modpack_resolver.TestPreview" name="test_preview_requires_auth" time="0.506" /><testcase classname="tests.test_modpack_resolver.TestPreview" name="test_modrinth_success" time="1.463" /><testcase classname="tests.test_modpack_resolver.TestPreview" name="test_modrinth_not_found" time="0.380" /><testcase classname="tests.test_modpack_resolver.TestPreview" name="test_curseforge_by_slug" time="0.866" /><testcase classname="tests.test_modpack_resolver.TestPreview" name="test_curseforge_by_id_atm8" time="0.703" /><testcase classname="tests.test_modpack_resolver.TestDeployModpackServer" name="test_store_sets_pending" time="0.322" /><testcase classname="tests.test_modpack_resolver.TestPathSafety" name="test_traversal_ref_rejected" time="1.202" /><testcase classname="tests.test_modpack_resolver.TestRegression" name="test_dashboard" time="0.112" /><testcase classname="tests.test_modpack_resolver.TestRegression" name="test_servers_list" time="0.094" /><testcase classname="tests.test_modpack_resolver.TestRegression" name="test_server_1_detail" time="0.075" /><testcase classname="tests.test_modpack_resolver.TestRegression" name="test_mods_list_20_loaders" time="0.085" /><testcase classname="tests.test_modpack_resolver.TestRegression" name="test_json_servers" time="0.091" /><testcase classname="tests.test_modpack_resolver.TestRegression" name="test_json_logs" time="0.085" /></testsuite></testsuites>